1718647088657	geckodriver	INFO	Listening on 127.0.0.1:34098
1718647091663	mozrunner::runner	INFO	Running command: "C:\\Program Files\\Mozilla Firefox\\firefox.exe" "--marionette" "-headless" "--remote-debugging-port" "3409 ...  "--remote-allow-hosts" "localhost" "-no-remote" "-profile" "C:\\Users\\Adriano\\AppData\\Local\\Temp\\rust_mozprofileGSJouH"
*** You are running in headless mode.
console.warn: services.settings: Ignoring preference override of remote settings server
console.warn: services.settings: Allow by setting MOZ_REMOTE_SETTINGS_DEVTOOLS=1 in the environment
Dynamically enable window occlusion 0
1718647092094	Marionette	INFO	Marionette enabled
1718647092183	Marionette	INFO	Listening on port 34143
WebDriver BiDi listening on ws://127.0.0.1:34099
Read port: 34143
1718647092416	RemoteAgent	WARN	TLS certificate errors will be ignored for this session
[GFX1-]: RenderCompositorSWGL failed mapping default framebuffer, no dt
console.error: ({})
DevTools listening on ws://127.0.0.1:34099/devtools/browser/53e6b4c1-ebd9-4cd0-b424-c5d9447403b8
1718647094546	Marionette	WARN	Ignoring event 'DOMContentLoaded' because document has an invalid readyState of 'complete'.
1718647095865	Marionette	WARN	Ignoring event 'DOMContentLoaded' because document has an invalid readyState of 'complete'.
1718647099625	Marionette	INFO	Stopped listening on port 34143
JavaScript warning: https://abs.twimg.com/responsive-web/client-web/shared~loader.AudioDock~loader.DashMenu~loader.AppModules~loader.DMDrawer~bundle.Account~bundle.AccountAnalyt.d316c8fa.js, line 1: Script terminated by timeout at:
68139/C/this._handleScroll@https://abs.twimg.com/responsive-web/client-web/shared~loader.AudioDock~loader.DashMenu~loader.AppModules~loader.DMDrawer~bundle.Account~bundle.AccountAnalyt.d316c8fa.js:1:3666
l@https://abs.twimg.com/responsive-web/client-web/ondemand.Dropdown.2ddc34fa.js:1:5571

Dynamically enable window occlusion 1
1718647109190	geckodriver	INFO	Listening on 127.0.0.1:34280
1718647112158	mozrunner::runner	INFO	Running command: "C:\\Program Files\\Mozilla Firefox\\firefox.exe" "--marionette" "-headless" "--remote-debugging-port" "3428 ...  "--remote-allow-hosts" "localhost" "-no-remote" "-profile" "C:\\Users\\Adriano\\AppData\\Local\\Temp\\rust_mozprofileiFmcfx"
*** You are running in headless mode.
console.warn: services.settings: Ignoring preference override of remote settings server
console.warn: services.settings: Allow by setting MOZ_REMOTE_SETTINGS_DEVTOOLS=1 in the environment
Dynamically enable window occlusion 0
1718647112600	Marionette	INFO	Marionette enabled
1718647112698	Marionette	INFO	Listening on port 34296
WebDriver BiDi listening on ws://127.0.0.1:34281
Read port: 34296
1718647112910	RemoteAgent	WARN	TLS certificate errors will be ignored for this session
[GFX1-]: RenderCompositorSWGL failed mapping default framebuffer, no dt
console.error: ({})
DevTools listening on ws://127.0.0.1:34281/devtools/browser/e78c4bda-9047-4ac1-8875-b5aa5717253f
1718647115222	Marionette	WARN	Ignoring event 'DOMContentLoaded' because document has an invalid readyState of 'complete'.
1718647116071	Marionette	WARN	Ignoring event 'DOMContentLoaded' because document has an invalid readyState of 'complete'.
1718647119654	Marionette	INFO	Stopped listening on port 34296
JavaScript warning: https://abs.twimg.com/responsive-web/client-web/shared~loader.AudioDock~loader.DashMenu~loader.AppModules~loader.DMDrawer~bundle.Account~bundle.AccountAnalyt.d316c8fa.js, line 1: Script terminated by timeout at:
68139/C/this._handleScroll@https://abs.twimg.com/responsive-web/client-web/shared~loader.AudioDock~loader.DashMenu~loader.AppModules~loader.DMDrawer~bundle.Account~bundle.AccountAnalyt.d316c8fa.js:1:3666
l@https://abs.twimg.com/responsive-web/client-web/ondemand.Dropdown.2ddc34fa.js:1:5571

Dynamically enable window occlusion 1
console.error: ({})
1718647123122	geckodriver	INFO	Listening on 127.0.0.1:34438
1718647126185	mozrunner::runner	INFO	Running command: "C:\\Program Files\\Mozilla Firefox\\firefox.exe" "--marionette" "-headless" "--remote-debugging-port" "3443 ...  "--remote-allow-hosts" "localhost" "-no-remote" "-profile" "C:\\Users\\Adriano\\AppData\\Local\\Temp\\rust_mozprofileObzjEr"
*** You are running in headless mode.
console.warn: services.settings: Ignoring preference override of remote settings server
console.warn: services.settings: Allow by setting MOZ_REMOTE_SETTINGS_DEVTOOLS=1 in the environment
Dynamically enable window occlusion 0
1718647126631	Marionette	INFO	Marionette enabled
1718647126714	Marionette	INFO	Listening on port 34452
WebDriver BiDi listening on ws://127.0.0.1:34439
Read port: 34452
1718647127001	RemoteAgent	WARN	TLS certificate errors will be ignored for this session
[GFX1-]: RenderCompositorSWGL failed mapping default framebuffer, no dt
console.error: ({})
DevTools listening on ws://127.0.0.1:34439/devtools/browser/e106351d-1347-4732-8e5e-93893fd8d538
1718647129140	Marionette	WARN	Ignoring event 'DOMContentLoaded' because document has an invalid readyState of 'complete'.
1718647130099	Marionette	WARN	Ignoring event 'DOMContentLoaded' because document has an invalid readyState of 'complete'.
1718647133741	Marionette	INFO	Stopped listening on port 34452
JavaScript warning: https://abs.twimg.com/responsive-web/client-web/shared~loader.AudioDock~loader.DashMenu~loader.AppModules~loader.DMDrawer~bundle.Account~bundle.AccountAnalyt.d316c8fa.js, line 1: Script terminated by timeout at:
68139/C/this._handleScroll@https://abs.twimg.com/responsive-web/client-web/shared~loader.AudioDock~loader.DashMenu~loader.AppModules~loader.DMDrawer~bundle.Account~bundle.AccountAnalyt.d316c8fa.js:1:3666
l@https://abs.twimg.com/responsive-web/client-web/ondemand.Dropdown.2ddc34fa.js:1:5571

Dynamically enable window occlusion 1
1718647137076	geckodriver	INFO	Listening on 127.0.0.1:34553
1718647140161	mozrunner::runner	INFO	Running command: "C:\\Program Files\\Mozilla Firefox\\firefox.exe" "--marionette" "-headless" "--remote-debugging-port" "3455 ...  "--remote-allow-hosts" "localhost" "-no-remote" "-profile" "C:\\Users\\Adriano\\AppData\\Local\\Temp\\rust_mozprofileWsKAvi"
*** You are running in headless mode.
console.warn: services.settings: Ignoring preference override of remote settings server
console.warn: services.settings: Allow by setting MOZ_REMOTE_SETTINGS_DEVTOOLS=1 in the environment
Dynamically enable window occlusion 0
1718647140660	Marionette	INFO	Marionette enabled
1718647140755	Marionette	INFO	Listening on port 34563
WebDriver BiDi listening on ws://127.0.0.1:34554
Read port: 34563
1718647140997	RemoteAgent	WARN	TLS certificate errors will be ignored for this session
[GFX1-]: RenderCompositorSWGL failed mapping default framebuffer, no dt
console.error: ({})
DevTools listening on ws://127.0.0.1:34554/devtools/browser/905deb69-3c53-4f9c-9e4a-5f810f85d497
1718647143069	Marionette	WARN	Ignoring event 'DOMContentLoaded' because document has an invalid readyState of 'complete'.
1718647143992	Marionette	WARN	Ignoring event 'DOMContentLoaded' because document has an invalid readyState of 'complete'.
1718647146960	Marionette	INFO	Stopped listening on port 34563
JavaScript warning: https://abs.twimg.com/responsive-web/client-web/vendor.8075d18a.js, line 81: Script terminated by timeout at:
fn@https://abs.twimg.com/responsive-web/client-web/vendor.8075d18a.js:81:31855
hn@https://abs.twimg.com/responsive-web/client-web/vendor.8075d18a.js:81:32202
52967/Sl/<@https://abs.twimg.com/responsive-web/client-web/vendor.8075d18a.js:81:111554
Sl@https://abs.twimg.com/responsive-web/client-web/vendor.8075d18a.js:81:112103
al@https://abs.twimg.com/responsive-web/client-web/vendor.8075d18a.js:81:104602
E@https://abs.twimg.com/responsive-web/client-web/vendor.8075d18a.js:90:1365
I@https://abs.twimg.com/responsive-web/client-web/vendor.8075d18a.js:90:1896

Dynamically enable window occlusion 1
1718647150282	geckodriver	INFO	Listening on 127.0.0.1:34666
1718647153292	mozrunner::runner	INFO	Running command: "C:\\Program Files\\Mozilla Firefox\\firefox.exe" "--marionette" "-headless" "--remote-debugging-port" "3466 ...  "--remote-allow-hosts" "localhost" "-no-remote" "-profile" "C:\\Users\\Adriano\\AppData\\Local\\Temp\\rust_mozprofileWhNXT5"
*** You are running in headless mode.
console.warn: services.settings: Ignoring preference override of remote settings server
console.warn: services.settings: Allow by setting MOZ_REMOTE_SETTINGS_DEVTOOLS=1 in the environment
Dynamically enable window occlusion 0
1718647153799	Marionette	INFO	Marionette enabled
1718647153900	Marionette	INFO	Listening on port 34681
Read port: 
1718647153903	geckodriver::browser	WARN	Failed fo convert  to u16
WebDriver BiDi listening on ws://127.0.0.1:34667
Read port: 34681
1718647154201	RemoteAgent	WARN	TLS certificate errors will be ignored for this session
[GFX1-]: RenderCompositorSWGL failed mapping default framebuffer, no dt
console.error: ({})
DevTools listening on ws://127.0.0.1:34667/devtools/browser/5a810511-03df-42f7-af68-67b682c9fcb7
1718647156329	Marionette	WARN	Ignoring event 'DOMContentLoaded' because document has an invalid readyState of 'complete'.
1718647157056	Marionette	WARN	Ignoring event 'DOMContentLoaded' because document has an invalid readyState of 'complete'.
1718647160360	Marionette	INFO	Stopped listening on port 34681
JavaScript warning: https://abs.twimg.com/responsive-web/client-web/shared~loader.AudioDock~loader.DashMenu~loader.AppModules~loader.DMDrawer~bundle.Account~bundle.AccountAnalyt.d316c8fa.js, line 1: Script terminated by timeout at:
68139/C/this._handleScroll@https://abs.twimg.com/responsive-web/client-web/shared~loader.AudioDock~loader.DashMenu~loader.AppModules~loader.DMDrawer~bundle.Account~bundle.AccountAnalyt.d316c8fa.js:1:3666
l@https://abs.twimg.com/responsive-web/client-web/ondemand.Dropdown.2ddc34fa.js:1:5571

Dynamically enable window occlusion 1
1718647163805	geckodriver	INFO	Listening on 127.0.0.1:34783
1718647166840	mozrunner::runner	INFO	Running command: "C:\\Program Files\\Mozilla Firefox\\firefox.exe" "--marionette" "-headless" "--remote-debugging-port" "3478 ...  "--remote-allow-hosts" "localhost" "-no-remote" "-profile" "C:\\Users\\Adriano\\AppData\\Local\\Temp\\rust_mozprofilei4jsCN"
*** You are running in headless mode.
console.warn: services.settings: Ignoring preference override of remote settings server
console.warn: services.settings: Allow by setting MOZ_REMOTE_SETTINGS_DEVTOOLS=1 in the environment
Dynamically enable window occlusion 0
1718647167305	Marionette	INFO	Marionette enabled
1718647167388	Marionette	INFO	Listening on port 34796
WebDriver BiDi listening on ws://127.0.0.1:34784
Read port: 34796
1718647167595	RemoteAgent	WARN	TLS certificate errors will be ignored for this session
[GFX1-]: RenderCompositorSWGL failed mapping default framebuffer, no dt
console.error: ({})
DevTools listening on ws://127.0.0.1:34784/devtools/browser/edbecd80-d609-4215-8928-8cc4c8a269c2
1718647169719	Marionette	WARN	Ignoring event 'DOMContentLoaded' because document has an invalid readyState of 'complete'.
1718647170546	Marionette	WARN	Ignoring event 'DOMContentLoaded' because document has an invalid readyState of 'complete'.
1718647189200	Marionette	INFO	Stopped listening on port 34796
JavaScript warning: https://abs.twimg.com/responsive-web/client-web/loaders.video.PlayerHls1.5.3e450b1a.js, line 1: Script terminated by timeout at:
82761/e.tick@https://abs.twimg.com/responsive-web/client-web/loaders.video.PlayerHls1.5.3e450b1a.js:1:111274

Dynamically enable window occlusion 1
1718647197117	geckodriver	INFO	Listening on 127.0.0.1:34973
1718647262802	geckodriver	INFO	Listening on 127.0.0.1:35115
1718647265817	mozrunner::runner	INFO	Running command: "C:\\Program Files\\Mozilla Firefox\\firefox.exe" "--marionette" "-headless" "--remote-debugging-port" "3511 ...  "--remote-allow-hosts" "localhost" "-no-remote" "-profile" "C:\\Users\\Adriano\\AppData\\Local\\Temp\\rust_mozprofiley0B9sC"
*** You are running in headless mode.
console.warn: services.settings: Ignoring preference override of remote settings server
console.warn: services.settings: Allow by setting MOZ_REMOTE_SETTINGS_DEVTOOLS=1 in the environment
Dynamically enable window occlusion 0
1718647266368	Marionette	INFO	Marionette enabled
1718647266471	Marionette	INFO	Listening on port 35125
WebDriver BiDi listening on ws://127.0.0.1:35116
Read port: 35125
1718647266715	RemoteAgent	WARN	TLS certificate errors will be ignored for this session
[GFX1-]: RenderCompositorSWGL failed mapping default framebuffer, no dt
console.error: ({})
DevTools listening on ws://127.0.0.1:35116/devtools/browser/90d8b2c6-2b91-4d4d-94b5-c016771222e1
1718647269022	Marionette	WARN	Ignoring event 'DOMContentLoaded' because document has an invalid readyState of 'complete'.
1718647270276	Marionette	WARN	Ignoring event 'DOMContentLoaded' because document has an invalid readyState of 'complete'.
1718647274069	Marionette	INFO	Stopped listening on port 35125
Dynamically enable window occlusion 1
1718647283641	geckodriver	INFO	Listening on 127.0.0.1:35357
1718647286604	mozrunner::runner	INFO	Running command: "C:\\Program Files\\Mozilla Firefox\\firefox.exe" "--marionette" "-headless" "--remote-debugging-port" "3535 ...  "--remote-allow-hosts" "localhost" "-no-remote" "-profile" "C:\\Users\\Adriano\\AppData\\Local\\Temp\\rust_mozprofileh1B3fh"
*** You are running in headless mode.
console.warn: services.settings: Ignoring preference override of remote settings server
console.warn: services.settings: Allow by setting MOZ_REMOTE_SETTINGS_DEVTOOLS=1 in the environment
Dynamically enable window occlusion 0
1718647287412	Marionette	INFO	Marionette enabled
1718647287507	Marionette	INFO	Listening on port 35385
WebDriver BiDi listening on ws://127.0.0.1:35358
Read port: 35385
1718647287706	RemoteAgent	WARN	TLS certificate errors will be ignored for this session
[GFX1-]: RenderCompositorSWGL failed mapping default framebuffer, no dt
console.error: ({})
DevTools listening on ws://127.0.0.1:35358/devtools/browser/0c4a0b34-b9ce-42b0-9c8d-3b8182802669
1718647289929	Marionette	WARN	Ignoring event 'DOMContentLoaded' because document has an invalid readyState of 'complete'.
1718647290851	Marionette	WARN	Ignoring event 'DOMContentLoaded' because document has an invalid readyState of 'complete'.
1718647294485	Marionette	INFO	Stopped listening on port 35385
JavaScript warning: https://abs.twimg.com/responsive-web/client-web/vendor.8075d18a.js, line 107: Script terminated by timeout at:
R@https://abs.twimg.com/responsive-web/client-web/vendor.8075d18a.js:107:1304
31372/_e/this._render/<@https://abs.twimg.com/responsive-web/client-web/shared~bundle.Articles~bundle.AudioSpaceDetail~bundle.AudioSpaceDiscovery~bundle.AudioSpacebarScreen~bundle.B.1f94407a.js:1:109446
30296/q/this._render@https://abs.twimg.com/responsive-web/client-web/shared~bundle.Articles~bundle.AudioSpaceDetail~bundle.AudioSpaceDiscovery~bundle.AudioSpacebarScreen~bundle.B.1f94407a.js:1:40464
render@https://abs.twimg.com/responsive-web/client-web/shared~loader.SideNav~bundle.JobSearch.41ce317a.js:1:9903
Cu@https://abs.twimg.com/responsive-web/client-web/vendor.8075d18a.js:81:77380
Tu@https://abs.twimg.com/responsive-web/client-web/vendor.8075d18a.js:81:77178
ws@https://abs.twimg.com/responsive-web/client-web/vendor.8075d18a.js:81:120522
bl@https://abs.twimg.com/responsive-web/client-web/vendor.8075d18a.js:81:108727
ml@https://abs.twimg.com/responsive-web/client-web/vendor.8075d18a.js:81:108655
gl@https://abs.twimg.com/responsive-web/client-web/vendor.8075d18a.js:81:108516
sl@https://abs.twimg.com/responsive-web/client-web/vendor.8075d18a.js:81:105659
Va@https://abs.twimg.com/responsive-web/client-web/vendor.8075d18a.js:81:46670
52967/nl/<@https://abs.twimg.com/responsive-web/client-web/vendor.8075d18a.js:81:103260

Dynamically enable window occlusion 1
1718647299086	geckodriver	INFO	Listening on 127.0.0.1:35517
1718647302119	mozrunner::runner	INFO	Running command: "C:\\Program Files\\Mozilla Firefox\\firefox.exe" "--marionette" "-headless" "--remote-debugging-port" "3551 ...  "--remote-allow-hosts" "localhost" "-no-remote" "-profile" "C:\\Users\\Adriano\\AppData\\Local\\Temp\\rust_mozprofilejcuMHE"
*** You are running in headless mode.
console.warn: services.settings: Ignoring preference override of remote settings server
console.warn: services.settings: Allow by setting MOZ_REMOTE_SETTINGS_DEVTOOLS=1 in the environment
Dynamically enable window occlusion 0
1718647302645	Marionette	INFO	Marionette enabled
1718647302770	Marionette	INFO	Listening on port 35650
WebDriver BiDi listening on ws://127.0.0.1:35518
Read port: 35650
1718647303026	RemoteAgent	WARN	TLS certificate errors will be ignored for this session
[GFX1-]: RenderCompositorSWGL failed mapping default framebuffer, no dt
console.error: ({})
DevTools listening on ws://127.0.0.1:35518/devtools/browser/fa1f064a-f169-4015-bffe-038c1b53a2d6
1718647305858	Marionette	WARN	Ignoring event 'DOMContentLoaded' because document has an invalid readyState of 'complete'.
1718647306811	Marionette	WARN	Ignoring event 'DOMContentLoaded' because document has an invalid readyState of 'complete'.
1718647310595	Marionette	INFO	Stopped listening on port 35650
JavaScript warning: https://abs.twimg.com/responsive-web/client-web/shared~loader.AudioDock~loader.DashMenu~loader.AppModules~loader.DMDrawer~bundle.Account~bundle.AccountAnalyt.d316c8fa.js, line 1: Script terminated by timeout at:
68139/C/this._handleScroll@https://abs.twimg.com/responsive-web/client-web/shared~loader.AudioDock~loader.DashMenu~loader.AppModules~loader.DMDrawer~bundle.Account~bundle.AccountAnalyt.d316c8fa.js:1:3666
l@https://abs.twimg.com/responsive-web/client-web/ondemand.Dropdown.2ddc34fa.js:1:5571

Dynamically enable window occlusion 1
!!! error running onStopped callback: TypeError: callback is not a function
1718647314571	geckodriver	INFO	Listening on 127.0.0.1:35846
1718647317624	mozrunner::runner	INFO	Running command: "C:\\Program Files\\Mozilla Firefox\\firefox.exe" "--marionette" "-headless" "--remote-debugging-port" "3584 ...  "--remote-allow-hosts" "localhost" "-no-remote" "-profile" "C:\\Users\\Adriano\\AppData\\Local\\Temp\\rust_mozprofilefeJsv5"
*** You are running in headless mode.
console.warn: services.settings: Ignoring preference override of remote settings server
console.warn: services.settings: Allow by setting MOZ_REMOTE_SETTINGS_DEVTOOLS=1 in the environment
Dynamically enable window occlusion 0
1718647318158	Marionette	INFO	Marionette enabled
1718647318319	Marionette	INFO	Listening on port 35909
Read port: 35909
WebDriver BiDi listening on ws://127.0.0.1:35847
1718647318452	RemoteAgent	WARN	TLS certificate errors will be ignored for this session
[GFX1-]: RenderCompositorSWGL failed mapping default framebuffer, no dt
console.error: ({})
DevTools listening on ws://127.0.0.1:35847/devtools/browser/451e688b-6087-471e-807c-56e38af244eb
1718647321461	Marionette	WARN	Ignoring event 'DOMContentLoaded' because document has an invalid readyState of 'complete'.
1718647322382	Marionette	WARN	Ignoring event 'DOMContentLoaded' because document has an invalid readyState of 'complete'.
1718647325624	Marionette	INFO	Stopped listening on port 35909
JavaScript warning: https://abs.twimg.com/responsive-web/client-web/vendor.8075d18a.js, line 81: Script terminated by timeout at:
Gu@https://abs.twimg.com/responsive-web/client-web/vendor.8075d18a.js:81:86213
_l@https://abs.twimg.com/responsive-web/client-web/vendor.8075d18a.js:81:108904
bl@https://abs.twimg.com/responsive-web/client-web/vendor.8075d18a.js:81:108786
yl@https://abs.twimg.com/responsive-web/client-web/vendor.8075d18a.js:81:108699
al@https://abs.twimg.com/responsive-web/client-web/vendor.8075d18a.js:81:103747
E@https://abs.twimg.com/responsive-web/client-web/vendor.8075d18a.js:90:1365
I@https://abs.twimg.com/responsive-web/client-web/vendor.8075d18a.js:90:1896

Dynamically enable window occlusion 1
1718647329535	geckodriver	INFO	Listening on 127.0.0.1:36070
1718647332584	mozrunner::runner	INFO	Running command: "C:\\Program Files\\Mozilla Firefox\\firefox.exe" "--marionette" "-headless" "--remote-debugging-port" "3607 ...  "--remote-allow-hosts" "localhost" "-no-remote" "-profile" "C:\\Users\\Adriano\\AppData\\Local\\Temp\\rust_mozprofileb1xpYE"
*** You are running in headless mode.
console.warn: services.settings: Ignoring preference override of remote settings server
console.warn: services.settings: Allow by setting MOZ_REMOTE_SETTINGS_DEVTOOLS=1 in the environment
Dynamically enable window occlusion 0
1718647333031	Marionette	INFO	Marionette enabled
1718647333442	Marionette	INFO	Listening on port 36121
WebDriver BiDi listening on ws://127.0.0.1:36071
Read port: 36121
1718647333981	RemoteAgent	WARN	TLS certificate errors will be ignored for this session
[GFX1-]: RenderCompositorSWGL failed mapping default framebuffer, no dt
console.error: ({})
DevTools listening on ws://127.0.0.1:36071/devtools/browser/4c362973-103f-46cf-b75f-d459fa19a793
1718647336861	Marionette	WARN	Ignoring event 'DOMContentLoaded' because document has an invalid readyState of 'complete'.
1718647337962	Marionette	WARN	Ignoring event 'DOMContentLoaded' because document has an invalid readyState of 'complete'.
1718647341158	Marionette	INFO	Stopped listening on port 36121
JavaScript warning: https://abs.twimg.com/responsive-web/client-web/shared~loader.AudioDock~loader.DashMenu~loader.AppModules~loader.DMDrawer~bundle.Account~bundle.AccountAnalyt.d316c8fa.js, line 1: Script terminated by timeout at:
68139/C/this._handleScroll@https://abs.twimg.com/responsive-web/client-web/shared~loader.AudioDock~loader.DashMenu~loader.AppModules~loader.DMDrawer~bundle.Account~bundle.AccountAnalyt.d316c8fa.js:1:3666
l@https://abs.twimg.com/responsive-web/client-web/ondemand.Dropdown.2ddc34fa.js:1:5571

Dynamically enable window occlusion 1
1718647345424	geckodriver	INFO	Listening on 127.0.0.1:36284
1718647348491	mozrunner::runner	INFO	Running command: "C:\\Program Files\\Mozilla Firefox\\firefox.exe" "--marionette" "-headless" "--remote-debugging-port" "3628 ...  "--remote-allow-hosts" "localhost" "-no-remote" "-profile" "C:\\Users\\Adriano\\AppData\\Local\\Temp\\rust_mozprofileft1iea"
*** You are running in headless mode.
console.warn: services.settings: Ignoring preference override of remote settings server
console.warn: services.settings: Allow by setting MOZ_REMOTE_SETTINGS_DEVTOOLS=1 in the environment
Dynamically enable window occlusion 0
1718647348954	Marionette	INFO	Marionette enabled
1718647349042	Marionette	INFO	Listening on port 36345
WebDriver BiDi listening on ws://127.0.0.1:36285
Read port: 36345
1718647349369	RemoteAgent	WARN	TLS certificate errors will be ignored for this session
[GFX1-]: RenderCompositorSWGL failed mapping default framebuffer, no dt
console.error: ({})
DevTools listening on ws://127.0.0.1:36285/devtools/browser/603c623f-cef5-4a17-939a-c26f4865fe42
1718647351913	Marionette	WARN	Ignoring event 'DOMContentLoaded' because document has an invalid readyState of 'complete'.
1718647353031	Marionette	WARN	Ignoring event 'DOMContentLoaded' because document has an invalid readyState of 'complete'.
1718647377940	Marionette	INFO	Stopped listening on port 36345
Dynamically enable window occlusion 1
!!! error running onStopped callback: TypeError: callback is not a function
1718647379151	addons.xpi	ERROR	System addon update list error Error: Failed downloading XML, status: 0, channelStatus: null, errorCode: 5, reason: error
console.error: Region.sys.mjs: "Error fetching region" (new TypeError("NetworkError when attempting to fetch resource.", "resource://gre/modules/Region.sys.mjs", 738))
console.error: Region.sys.mjs: "Failed to fetch region" (new Error("NO_RESULT", "resource://gre/modules/Region.sys.mjs", 411))
1718647386985	geckodriver	INFO	Listening on 127.0.0.1:36739
1718647389904	mozrunner::runner	INFO	Running command: "C:\\Program Files\\Mozilla Firefox\\firefox.exe" "--marionette" "-headless" "--remote-debugging-port" "3674 ...  "--remote-allow-hosts" "localhost" "-no-remote" "-profile" "C:\\Users\\Adriano\\AppData\\Local\\Temp\\rust_mozprofileYH5PGO"
*** You are running in headless mode.
console.warn: services.settings: Ignoring preference override of remote settings server
console.warn: services.settings: Allow by setting MOZ_REMOTE_SETTINGS_DEVTOOLS=1 in the environment
Dynamically enable window occlusion 0
1718647390418	Marionette	INFO	Marionette enabled
1718647390512	Marionette	INFO	Listening on port 36766
WebDriver BiDi listening on ws://127.0.0.1:36740
Read port: 36766
1718647390759	RemoteAgent	WARN	TLS certificate errors will be ignored for this session
[GFX1-]: RenderCompositorSWGL failed mapping default framebuffer, no dt
console.error: ({})
DevTools listening on ws://127.0.0.1:36740/devtools/browser/d144fa04-ddb4-4697-9657-a8173f49cd40
1718647393588	Marionette	WARN	Ignoring event 'DOMContentLoaded' because document has an invalid readyState of 'complete'.
1718647394666	Marionette	WARN	Ignoring event 'DOMContentLoaded' because document has an invalid readyState of 'complete'.
1718647400026	Marionette	INFO	Stopped listening on port 36766
JavaScript warning: https://abs.twimg.com/responsive-web/client-web/shared~loader.AudioDock~loader.DashMenu~loader.AppModules~loader.DMDrawer~bundle.Account~bundle.AccountAnalyt.d316c8fa.js, line 1: Script terminated by timeout at:
68139/C/this._handleScroll@https://abs.twimg.com/responsive-web/client-web/shared~loader.AudioDock~loader.DashMenu~loader.AppModules~loader.DMDrawer~bundle.Account~bundle.AccountAnalyt.d316c8fa.js:1:3666
l@https://abs.twimg.com/responsive-web/client-web/ondemand.Dropdown.2ddc34fa.js:1:5571

Dynamically enable window occlusion 1
1718647403558	geckodriver	INFO	Listening on 127.0.0.1:36924
1718647406606	mozrunner::runner	INFO	Running command: "C:\\Program Files\\Mozilla Firefox\\firefox.exe" "--marionette" "-headless" "--remote-debugging-port" "3692 ...  "--remote-allow-hosts" "localhost" "-no-remote" "-profile" "C:\\Users\\Adriano\\AppData\\Local\\Temp\\rust_mozprofileebSRoz"
*** You are running in headless mode.
console.warn: services.settings: Ignoring preference override of remote settings server
console.warn: services.settings: Allow by setting MOZ_REMOTE_SETTINGS_DEVTOOLS=1 in the environment
Dynamically enable window occlusion 0
1718647407083	Marionette	INFO	Marionette enabled
1718647407120	Marionette	INFO	Listening on port 36973
WebDriver BiDi listening on ws://127.0.0.1:36925
Read port: 36973
1718647407258	RemoteAgent	WARN	TLS certificate errors will be ignored for this session
[GFX1-]: RenderCompositorSWGL failed mapping default framebuffer, no dt
console.error: ({})
DevTools listening on ws://127.0.0.1:36925/devtools/browser/1819c991-ed98-4979-9b25-fa837c346838
1718647411767	Marionette	WARN	Ignoring event 'DOMContentLoaded' because document has an invalid readyState of 'complete'.
1718647412516	Marionette	WARN	Ignoring event 'DOMContentLoaded' because document has an invalid readyState of 'complete'.
1718647416978	Marionette	INFO	Stopped listening on port 36973
JavaScript warning: https://abs.twimg.com/responsive-web/client-web/vendor.8075d18a.js, line 1: Script terminated by timeout at:
86706/V/</c/o<@https://abs.twimg.com/responsive-web/client-web/vendor.8075d18a.js:1:5218
useMemo@https://abs.twimg.com/responsive-web/client-web/vendor.8075d18a.js:81:69152
83426/t.useMemo@https://abs.twimg.com/responsive-web/client-web/vendor.8075d18a.js:107:6045
c@https://abs.twimg.com/responsive-web/client-web/vendor.8075d18a.js:1:5205
ko@https://abs.twimg.com/responsive-web/client-web/vendor.8075d18a.js:81:62829
xu@https://abs.twimg.com/responsive-web/client-web/vendor.8075d18a.js:81:74349
wu@https://abs.twimg.com/responsive-web/client-web/vendor.8075d18a.js:81:73557
Eu@https://abs.twimg.com/responsive-web/client-web/vendor.8075d18a.js:81:73162
ws@https://abs.twimg.com/responsive-web/client-web/vendor.8075d18a.js:81:122897
bl@https://abs.twimg.com/responsive-web/client-web/vendor.8075d18a.js:81:108727
yl@https://abs.twimg.com/responsive-web/client-web/vendor.8075d18a.js:81:108699
al@https://abs.twimg.com/responsive-web/client-web/vendor.8075d18a.js:81:103747
E@https://abs.twimg.com/responsive-web/client-web/vendor.8075d18a.js:90:1365
I@https://abs.twimg.com/responsive-web/client-web/vendor.8075d18a.js:90:1896

Dynamically enable window occlusion 1
1718647420466	geckodriver	INFO	Listening on 127.0.0.1:37179
1718647423604	mozrunner::runner	INFO	Running command: "C:\\Program Files\\Mozilla Firefox\\firefox.exe" "--marionette" "-headless" "--remote-debugging-port" "3718 ...  "--remote-allow-hosts" "localhost" "-no-remote" "-profile" "C:\\Users\\Adriano\\AppData\\Local\\Temp\\rust_mozprofileOO7hyD"
*** You are running in headless mode.
console.warn: services.settings: Ignoring preference override of remote settings server
console.warn: services.settings: Allow by setting MOZ_REMOTE_SETTINGS_DEVTOOLS=1 in the environment
Dynamically enable window occlusion 0
1718647424144	Marionette	INFO	Marionette enabled
1718647424186	Marionette	INFO	Listening on port 37203
WebDriver BiDi listening on ws://127.0.0.1:37180
Read port: 37203
1718647424344	RemoteAgent	WARN	TLS certificate errors will be ignored for this session
[GFX1-]: RenderCompositorSWGL failed mapping default framebuffer, no dt
console.error: ({})
DevTools listening on ws://127.0.0.1:37180/devtools/browser/cb4d2579-cb0f-47f5-8ff2-d759e6cb4d13
1718647428759	Marionette	WARN	Ignoring event 'DOMContentLoaded' because document has an invalid readyState of 'complete'.
1718647429624	Marionette	WARN	Ignoring event 'DOMContentLoaded' because document has an invalid readyState of 'complete'.
1718647433917	Marionette	INFO	Stopped listening on port 37203
JavaScript warning: https://abs.twimg.com/responsive-web/client-web/shared~loader.AudioDock~loader.DashMenu~loader.AppModules~loader.DMDrawer~bundle.Account~bundle.AccountAnalyt.d316c8fa.js, line 1: Script terminated by timeout at:
68139/C/this._handleScroll@https://abs.twimg.com/responsive-web/client-web/shared~loader.AudioDock~loader.DashMenu~loader.AppModules~loader.DMDrawer~bundle.Account~bundle.AccountAnalyt.d316c8fa.js:1:3666
l@https://abs.twimg.com/responsive-web/client-web/ondemand.Dropdown.2ddc34fa.js:1:5571

Dynamically enable window occlusion 1
WARNING: At least one completion condition is taking too long to complete. Conditions: [{"name":"Places Connection shutdown","state":{"PlacesShutdownProgress":5},"filename":"/builds/worker/checkouts/gecko/toolkit/components/places/Database.cpp","lineNumber":484,"stack":""}] Barrier: profile-before-change
console.error: (new Error("SessionFile is closed", "resource:///modules/sessionstore/SessionFile.sys.mjs", 438))
1718647463754	geckodriver	INFO	Listening on 127.0.0.1:37469
1718647466789	mozrunner::runner	INFO	Running command: "C:\\Program Files\\Mozilla Firefox\\firefox.exe" "--marionette" "-headless" "--remote-debugging-port" "3747 ...  "--remote-allow-hosts" "localhost" "-no-remote" "-profile" "C:\\Users\\Adriano\\AppData\\Local\\Temp\\rust_mozprofileMTaxTe"
*** You are running in headless mode.
console.warn: services.settings: Ignoring preference override of remote settings server
console.warn: services.settings: Allow by setting MOZ_REMOTE_SETTINGS_DEVTOOLS=1 in the environment
Dynamically enable window occlusion 0
1718647467320	Marionette	INFO	Marionette enabled
1718647467432	Marionette	INFO	Listening on port 37493
WebDriver BiDi listening on ws://127.0.0.1:37470
Read port: 37493
1718647467715	RemoteAgent	WARN	TLS certificate errors will be ignored for this session
[GFX1-]: RenderCompositorSWGL failed mapping default framebuffer, no dt
console.error: ({})
DevTools listening on ws://127.0.0.1:37470/devtools/browser/c88ea7cf-cf53-46d1-9eab-b761359fadcc
1718647470734	Marionette	WARN	Ignoring event 'DOMContentLoaded' because document has an invalid readyState of 'complete'.
1718647471775	Marionette	WARN	Ignoring event 'DOMContentLoaded' because document has an invalid readyState of 'complete'.
1718647475916	Marionette	INFO	Stopped listening on port 37493
JavaScript warning: https://abs.twimg.com/responsive-web/client-web/vendor.8075d18a.js, line 81: Script terminated by timeout at:
nl@https://abs.twimg.com/responsive-web/client-web/vendor.8075d18a.js:81:102783
rl@https://abs.twimg.com/responsive-web/client-web/vendor.8075d18a.js:81:102698
Mo@https://abs.twimg.com/responsive-web/client-web/vendor.8075d18a.js:81:65676
No@https://abs.twimg.com/responsive-web/client-web/vendor.8075d18a.js:81:65482
ns@https://abs.twimg.com/responsive-web/client-web/vendor.8075d18a.js:81:93166
El@https://abs.twimg.com/responsive-web/client-web/vendor.8075d18a.js:81:113298
sl@https://abs.twimg.com/responsive-web/client-web/vendor.8075d18a.js:81:105597
Va@https://abs.twimg.com/responsive-web/client-web/vendor.8075d18a.js:81:46670
52967/Sl/<@https://abs.twimg.com/responsive-web/client-web/vendor.8075d18a.js:81:112098
Sl@https://abs.twimg.com/responsive-web/client-web/vendor.8075d18a.js:81:112103
al@https://abs.twimg.com/responsive-web/client-web/vendor.8075d18a.js:81:104602
E@https://abs.twimg.com/responsive-web/client-web/vendor.8075d18a.js:90:1365
I@https://abs.twimg.com/responsive-web/client-web/vendor.8075d18a.js:90:1896

Dynamically enable window occlusion 1
1718647481953	geckodriver	INFO	Listening on 127.0.0.1:37730
1718647484798	mozrunner::runner	INFO	Running command: "C:\\Program Files\\Mozilla Firefox\\firefox.exe" "--marionette" "-headless" "--remote-debugging-port" "3773 ...  "--remote-allow-hosts" "localhost" "-no-remote" "-profile" "C:\\Users\\Adriano\\AppData\\Local\\Temp\\rust_mozprofileMfw5QB"
*** You are running in headless mode.
console.warn: services.settings: Ignoring preference override of remote settings server
console.warn: services.settings: Allow by setting MOZ_REMOTE_SETTINGS_DEVTOOLS=1 in the environment
Dynamically enable window occlusion 0
1718647485520	Marionette	INFO	Marionette enabled
1718647485642	Marionette	INFO	Listening on port 37774
WebDriver BiDi listening on ws://127.0.0.1:37731
Read port: 37774
1718647485964	RemoteAgent	WARN	TLS certificate errors will be ignored for this session
[GFX1-]: RenderCompositorSWGL failed mapping default framebuffer, no dt
console.error: ({})
DevTools listening on ws://127.0.0.1:37731/devtools/browser/c713c94d-470b-4554-b986-e6ecf3e52b29
1718647488816	Marionette	WARN	Ignoring event 'DOMContentLoaded' because document has an invalid readyState of 'complete'.
1718647489905	Marionette	WARN	Ignoring event 'DOMContentLoaded' because document has an invalid readyState of 'complete'.
1718647511078	Marionette	INFO	Stopped listening on port 37774
Dynamically enable window occlusion 1
1718647518596	geckodriver	INFO	Listening on 127.0.0.1:38049
1718647521540	mozrunner::runner	INFO	Running command: "C:\\Program Files\\Mozilla Firefox\\firefox.exe" "--marionette" "-headless" "--remote-debugging-port" "3805 ...  "--remote-allow-hosts" "localhost" "-no-remote" "-profile" "C:\\Users\\Adriano\\AppData\\Local\\Temp\\rust_mozprofilesGD1Np"
*** You are running in headless mode.
console.warn: services.settings: Ignoring preference override of remote settings server
console.warn: services.settings: Allow by setting MOZ_REMOTE_SETTINGS_DEVTOOLS=1 in the environment
Dynamically enable window occlusion 0
1718647522219	Marionette	INFO	Marionette enabled
1718647522317	Marionette	INFO	Listening on port 38067
WebDriver BiDi listening on ws://127.0.0.1:38050
Read port: 38067
1718647522567	RemoteAgent	WARN	TLS certificate errors will be ignored for this session
[GFX1-]: RenderCompositorSWGL failed mapping default framebuffer, no dt
console.error: ({})
DevTools listening on ws://127.0.0.1:38050/devtools/browser/ba60337b-e580-43bf-abd3-dc273032bbce
1718647524989	Marionette	WARN	Ignoring event 'DOMContentLoaded' because document has an invalid readyState of 'complete'.
1718647526146	Marionette	WARN	Ignoring event 'DOMContentLoaded' because document has an invalid readyState of 'complete'.
1718647531043	Marionette	INFO	Stopped listening on port 38067
JavaScript warning: https://x.com/TechnicallyWeb3?mx=2, line 328: Script terminated by timeout at:
u@https://x.com/TechnicallyWeb3?mx=2:328:162580

JavaScript warning: https://accounts.google.com/gsi/iframe/select?client_id=49625052041-kgt0hghf445lmcmhijv46b715m2mpbct.apps.googleusercontent.com&ux_mode=popup&ui_mode=card&as=o09r8O9MDX00APwCNtHeyA&is_itp=true&channel_id=35d5c2a56484c6fdf461d7807b8977ef93d4ed721fd2f5bbf6c8fec220853fbe&origin=https%3A%2F%2Fx.com, line 254: Script terminated by timeout at:
_.ik/<@/_/gsi/_/js/k=gsi.gsi.en_US.igQDtww8FvY.O/am=ABCJAAE/d=1/rs=AF0KOtXiIgMdekstIINibCsnOiY1BNoe6w/m=credential_server_library:254:572
_.ik@/_/gsi/_/js/k=gsi.gsi.en_US.igQDtww8FvY.O/am=ABCJAAE/d=1/rs=AF0KOtXiIgMdekstIINibCsnOiY1BNoe6w/m=credential_server_library:254:469
_.jk/<@/_/gsi/_/js/k=gsi.gsi.en_US.igQDtww8FvY.O/am=ABCJAAE/d=1/rs=AF0KOtXiIgMdekstIINibCsnOiY1BNoe6w/m=credential_server_library:255:56

Dynamically enable window occlusion 1
1718647535184	geckodriver	INFO	Listening on 127.0.0.1:38292
1718647538251	mozrunner::runner	INFO	Running command: "C:\\Program Files\\Mozilla Firefox\\firefox.exe" "--marionette" "-headless" "--remote-debugging-port" "3829 ...  "--remote-allow-hosts" "localhost" "-no-remote" "-profile" "C:\\Users\\Adriano\\AppData\\Local\\Temp\\rust_mozprofile5LuZ3o"
*** You are running in headless mode.
console.warn: services.settings: Ignoring preference override of remote settings server
console.warn: services.settings: Allow by setting MOZ_REMOTE_SETTINGS_DEVTOOLS=1 in the environment
Dynamically enable window occlusion 0
1718647539129	Marionette	INFO	Marionette enabled
1718647539244	Marionette	INFO	Listening on port 38312
WebDriver BiDi listening on ws://127.0.0.1:38293
Read port: 38312
1718647539509	RemoteAgent	WARN	TLS certificate errors will be ignored for this session
[GFX1-]: RenderCompositorSWGL failed mapping default framebuffer, no dt
console.error: ({})
DevTools listening on ws://127.0.0.1:38293/devtools/browser/5a2967cc-5fb8-49f2-b319-872b7f05f921
1718647542273	Marionette	WARN	Ignoring event 'DOMContentLoaded' because document has an invalid readyState of 'complete'.
1718647543341	Marionette	WARN	Ignoring event 'DOMContentLoaded' because document has an invalid readyState of 'complete'.
1718647550806	Marionette	INFO	Stopped listening on port 38312
JavaScript warning: https://abs.twimg.com/responsive-web/client-web/main.e8c94eca.js, line 1: Script terminated by timeout at:
51799/</</</<@https://abs.twimg.com/responsive-web/client-web/main.e8c94eca.js:1:1267589

Dynamically enable window occlusion 1
1718647554169	geckodriver	INFO	Listening on 127.0.0.1:38543
1718647557204	mozrunner::runner	INFO	Running command: "C:\\Program Files\\Mozilla Firefox\\firefox.exe" "--marionette" "-headless" "--remote-debugging-port" "3854 ...  "--remote-allow-hosts" "localhost" "-no-remote" "-profile" "C:\\Users\\Adriano\\AppData\\Local\\Temp\\rust_mozprofile0jpWfe"
*** You are running in headless mode.
console.warn: services.settings: Ignoring preference override of remote settings server
console.warn: services.settings: Allow by setting MOZ_REMOTE_SETTINGS_DEVTOOLS=1 in the environment
Dynamically enable window occlusion 0
1718647557667	Marionette	INFO	Marionette enabled
1718647557703	Marionette	INFO	Listening on port 38586
WebDriver BiDi listening on ws://127.0.0.1:38544
Read port: 38586
1718647557810	RemoteAgent	WARN	TLS certificate errors will be ignored for this session
[GFX1-]: RenderCompositorSWGL failed mapping default framebuffer, no dt
console.error: ({})
DevTools listening on ws://127.0.0.1:38544/devtools/browser/315203d4-b558-4157-9a5f-f9722c3791ec
1718647561021	Marionette	WARN	Ignoring event 'DOMContentLoaded' because document has an invalid readyState of 'complete'.
1718647562313	Marionette	WARN	Ignoring event 'DOMContentLoaded' because document has an invalid readyState of 'complete'.
1718647566349	Marionette	INFO	Stopped listening on port 38586
JavaScript warning: https://abs.twimg.com/responsive-web/client-web/shared~loader.AudioDock~loader.DashMenu~loader.AppModules~loader.DMDrawer~bundle.Account~bundle.AccountAnalyt.d316c8fa.js, line 1: Script terminated by timeout at:
68139/C/this._handleScroll@https://abs.twimg.com/responsive-web/client-web/shared~loader.AudioDock~loader.DashMenu~loader.AppModules~loader.DMDrawer~bundle.Account~bundle.AccountAnalyt.d316c8fa.js:1:3666
l@https://abs.twimg.com/responsive-web/client-web/ondemand.Dropdown.2ddc34fa.js:1:5571

Dynamically enable window occlusion 1
1718647569735	geckodriver	INFO	Listening on 127.0.0.1:38735
1718647572772	mozrunner::runner	INFO	Running command: "C:\\Program Files\\Mozilla Firefox\\firefox.exe" "--marionette" "-headless" "--remote-debugging-port" "3873 ...  "--remote-allow-hosts" "localhost" "-no-remote" "-profile" "C:\\Users\\Adriano\\AppData\\Local\\Temp\\rust_mozprofileF90Bsw"
*** You are running in headless mode.
console.warn: services.settings: Ignoring preference override of remote settings server
console.warn: services.settings: Allow by setting MOZ_REMOTE_SETTINGS_DEVTOOLS=1 in the environment
Dynamically enable window occlusion 0
1718647573240	Marionette	INFO	Marionette enabled
1718647573344	Marionette	INFO	Listening on port 38797
WebDriver BiDi listening on ws://127.0.0.1:38736
Read port: 38797
1718647573597	RemoteAgent	WARN	TLS certificate errors will be ignored for this session
[GFX1-]: RenderCompositorSWGL failed mapping default framebuffer, no dt
console.error: ({})
DevTools listening on ws://127.0.0.1:38736/devtools/browser/7d090b20-d74c-4ec8-bbdd-39d8848b873d
1718647576015	Marionette	WARN	Ignoring event 'DOMContentLoaded' because document has an invalid readyState of 'complete'.
1718647577287	Marionette	WARN	Ignoring event 'DOMContentLoaded' because document has an invalid readyState of 'complete'.
1718647580947	Marionette	INFO	Stopped listening on port 38797
JavaScript warning: https://abs.twimg.com/responsive-web/client-web/shared~loader.AudioDock~loader.DashMenu~loader.AppModules~loader.DMDrawer~bundle.Account~bundle.AccountAnalyt.d316c8fa.js, line 1: Script terminated by timeout at:
68139/C/this._handleScroll@https://abs.twimg.com/responsive-web/client-web/shared~loader.AudioDock~loader.DashMenu~loader.AppModules~loader.DMDrawer~bundle.Account~bundle.AccountAnalyt.d316c8fa.js:1:3666
l@https://abs.twimg.com/responsive-web/client-web/ondemand.Dropdown.2ddc34fa.js:1:5571

Dynamically enable window occlusion 1
1718647584243	geckodriver	INFO	Listening on 127.0.0.1:38959
1718647587276	mozrunner::runner	INFO	Running command: "C:\\Program Files\\Mozilla Firefox\\firefox.exe" "--marionette" "-headless" "--remote-debugging-port" "3896 ...  "--remote-allow-hosts" "localhost" "-no-remote" "-profile" "C:\\Users\\Adriano\\AppData\\Local\\Temp\\rust_mozprofilebSGbzR"
*** You are running in headless mode.
console.warn: services.settings: Ignoring preference override of remote settings server
console.warn: services.settings: Allow by setting MOZ_REMOTE_SETTINGS_DEVTOOLS=1 in the environment
Dynamically enable window occlusion 0
1718647587764	Marionette	INFO	Marionette enabled
1718647587857	Marionette	INFO	Listening on port 39000
WebDriver BiDi listening on ws://127.0.0.1:38960
Read port: 39000
1718647588072	RemoteAgent	WARN	TLS certificate errors will be ignored for this session
[GFX1-]: RenderCompositorSWGL failed mapping default framebuffer, no dt
console.error: ({})
DevTools listening on ws://127.0.0.1:38960/devtools/browser/bdba6363-bf08-490d-aedc-f6abc4d2055d
1718647590665	Marionette	WARN	Ignoring event 'DOMContentLoaded' because document has an invalid readyState of 'complete'.
1718647591833	Marionette	WARN	Ignoring event 'DOMContentLoaded' because document has an invalid readyState of 'complete'.
1718647596016	Marionette	INFO	Stopped listening on port 39000
JavaScript warning: https://abs.twimg.com/responsive-web/client-web/shared~loader.AudioDock~loader.DashMenu~loader.AppModules~loader.DMDrawer~bundle.Account~bundle.AccountAnalyt.d316c8fa.js, line 1: Script terminated by timeout at:
68139/C/this._handleScroll@https://abs.twimg.com/responsive-web/client-web/shared~loader.AudioDock~loader.DashMenu~loader.AppModules~loader.DMDrawer~bundle.Account~bundle.AccountAnalyt.d316c8fa.js:1:3666
l@https://abs.twimg.com/responsive-web/client-web/ondemand.Dropdown.2ddc34fa.js:1:5571

Dynamically enable window occlusion 1
1718647619913	geckodriver	INFO	Listening on 127.0.0.1:39207
1718647622941	mozrunner::runner	INFO	Running command: "C:\\Program Files\\Mozilla Firefox\\firefox.exe" "--marionette" "-headless" "--remote-debugging-port" "3920 ...  "--remote-allow-hosts" "localhost" "-no-remote" "-profile" "C:\\Users\\Adriano\\AppData\\Local\\Temp\\rust_mozprofileMy0zcA"
*** You are running in headless mode.
console.warn: services.settings: Ignoring preference override of remote settings server
console.warn: services.settings: Allow by setting MOZ_REMOTE_SETTINGS_DEVTOOLS=1 in the environment
Dynamically enable window occlusion 0
1718647623432	Marionette	INFO	Marionette enabled
1718647623520	Marionette	INFO	Listening on port 39331
Read port: 39331
WebDriver BiDi listening on ws://127.0.0.1:39208
1718647624380	RemoteAgent	WARN	TLS certificate errors will be ignored for this session
[GFX1-]: RenderCompositorSWGL failed mapping default framebuffer, no dt
console.error: ({})
DevTools listening on ws://127.0.0.1:39208/devtools/browser/0a1bb892-0482-4117-91f8-bdbb08fb32ea
1718647628428	Marionette	WARN	Ignoring event 'DOMContentLoaded' because document has an invalid readyState of 'complete'.
1718647629534	Marionette	WARN	Ignoring event 'DOMContentLoaded' because document has an invalid readyState of 'complete'.
1718647637245	Marionette	INFO	Stopped listening on port 39331
JavaScript warning: https://accounts.google.com/gsi/button?theme=outline&size=large&shape=circle&logo_alignment=center&text=signin_with&width=300&client_id=49625052041-kgt0hghf445lmcmhijv46b715m2mpbct.apps.googleusercontent.com&iframe_id=gsi_634423_513715&as=QkKau8OXBhwb6kbSCwdTuA&hl=en, line 266: Script terminated by timeout at:
_.ik/</</<@/_/gsi/_/js/k=gsi.gsi.en.6ZMiwSPy9tc.O/am=ABAJgAE/d=1/rs=AF0KOtWvplr0wRRdmGhRCHfRZbjUGJVQ_w/m=credential_button_library:266:568

JavaScript warning: https://accounts.google.com/gsi/client, line 308: Script terminated by timeout at:
Vr/c.port1.onmessage@https://accounts.google.com/gsi/client:308:419

Dynamically enable window occlusion 1
1718647642849	geckodriver	INFO	Listening on 127.0.0.1:39562
1718647645883	mozrunner::runner	INFO	Running command: "C:\\Program Files\\Mozilla Firefox\\firefox.exe" "--marionette" "-headless" "--remote-debugging-port" "3956 ...  "--remote-allow-hosts" "localhost" "-no-remote" "-profile" "C:\\Users\\Adriano\\AppData\\Local\\Temp\\rust_mozprofileUeS0S2"
*** You are running in headless mode.
console.warn: services.settings: Ignoring preference override of remote settings server
console.warn: services.settings: Allow by setting MOZ_REMOTE_SETTINGS_DEVTOOLS=1 in the environment
Dynamically enable window occlusion 0
1718647646312	Marionette	INFO	Marionette enabled
1718647646404	Marionette	INFO	Listening on port 39581
WebDriver BiDi listening on ws://127.0.0.1:39563
Read port: 39581
1718647646639	RemoteAgent	WARN	TLS certificate errors will be ignored for this session
[GFX1-]: RenderCompositorSWGL failed mapping default framebuffer, no dt
console.error: ({})
DevTools listening on ws://127.0.0.1:39563/devtools/browser/8ea4b004-4ff2-4b65-9594-5c9ae845f413
1718647648933	Marionette	WARN	Ignoring event 'DOMContentLoaded' because document has an invalid readyState of 'complete'.
1718647650162	Marionette	WARN	Ignoring event 'DOMContentLoaded' because document has an invalid readyState of 'complete'.
1718647653668	Marionette	INFO	Stopped listening on port 39581
JavaScript warning: https://abs.twimg.com/responsive-web/client-web/shared~loader.AudioDock~loader.DashMenu~loader.AppModules~loader.DMDrawer~bundle.Account~bundle.AccountAnalyt.d316c8fa.js, line 1: Script terminated by timeout at:
68139/C/this._handleScroll@https://abs.twimg.com/responsive-web/client-web/shared~loader.AudioDock~loader.DashMenu~loader.AppModules~loader.DMDrawer~bundle.Account~bundle.AccountAnalyt.d316c8fa.js:1:3666
l@https://abs.twimg.com/responsive-web/client-web/ondemand.Dropdown.2ddc34fa.js:1:5571

Dynamically enable window occlusion 1
1718647659447	geckodriver	INFO	Listening on 127.0.0.1:39804
1718647662463	mozrunner::runner	INFO	Running command: "C:\\Program Files\\Mozilla Firefox\\firefox.exe" "--marionette" "-headless" "--remote-debugging-port" "3980 ...  "--remote-allow-hosts" "localhost" "-no-remote" "-profile" "C:\\Users\\Adriano\\AppData\\Local\\Temp\\rust_mozprofilezK1X3g"
*** You are running in headless mode.
console.warn: services.settings: Ignoring preference override of remote settings server
console.warn: services.settings: Allow by setting MOZ_REMOTE_SETTINGS_DEVTOOLS=1 in the environment
Dynamically enable window occlusion 0
1718647663019	Marionette	INFO	Marionette enabled
1718647663159	Marionette	INFO	Listening on port 39836
WebDriver BiDi listening on ws://127.0.0.1:39805
Read port: 39836
1718647663404	RemoteAgent	WARN	TLS certificate errors will be ignored for this session
[GFX1-]: RenderCompositorSWGL failed mapping default framebuffer, no dt
console.error: ({})
DevTools listening on ws://127.0.0.1:39805/devtools/browser/7692d425-65e3-4cc8-a837-8c82eec4e8ee
1718647667175	Marionette	WARN	Ignoring event 'DOMContentLoaded' because document has an invalid readyState of 'complete'.
1718647668528	Marionette	WARN	Ignoring event 'DOMContentLoaded' because document has an invalid readyState of 'complete'.
1718647672508	Marionette	INFO	Stopped listening on port 39836
JavaScript warning: https://abs.twimg.com/responsive-web/client-web/main.e8c94eca.js, line 1: Script terminated by timeout at:
17360/y/a/b<@https://abs.twimg.com/responsive-web/client-web/main.e8c94eca.js:1:102723
17360/y/a/b<@https://abs.twimg.com/responsive-web/client-web/main.e8c94eca.js:1:102699
a@https://abs.twimg.com/responsive-web/client-web/main.e8c94eca.js:1:102775
graphQL@https://abs.twimg.com/responsive-web/client-web/main.e8c94eca.js:1:104673
fetchUserMedia@https://abs.twimg.com/responsive-web/client-web/main.e8c94eca.js:1:128493
62104/de/<@https://abs.twimg.com/responsive-web/client-web/main.e8c94eca.js:1:1632102
62104/ne/Re/</d/<@https://abs.twimg.com/responsive-web/client-web/main.e8c94eca.js:1:1635380
62104/de/<@https://abs.twimg.com/responsive-web/client-web/main.e8c94eca.js:1:1632102
b@https://abs.twimg.com/responsive-web/client-web/main.e8c94eca.js:1:1686516
53392/p/<@https://abs.twimg.com/responsive-web/client-web/main.e8c94eca.js:1:1686723
62104/ne/Re/<@https://abs.twimg.com/responsive-web/client-web/main.e8c94eca.js:1:1636601
43292/n/</</<@https://abs.twimg.com/responsive-web/client-web/vendor.8075d18a.js:107:8507
dispatch@https://abs.twimg.com/responsive-web/client-web/vendor.8075d18a.js:107:11839
62104/ne/Ee/<@https://abs.twimg.com/responsive-web/client-web/main.e8c94eca.js:1:1637031
43292/n/</</<@https://abs.twimg.com/responsive-web/client-web/vendor.8075d18a.js:107:8507
18717/d/<@https://abs.twimg.com/responsive-web/client-web/vendor.8075d18a.js:107:11151
15933/D/this._fetchRecentUserMedia@https://abs.twimg.com/responsive-web/client-web/ondemand.ProfileSidebar.1ebdb5fa.js:1:2232
componentDidMount@https://abs.twimg.com/responsive-web/client-web/ondemand.ProfileSidebar.1ebdb5fa.js:1:2433
Es@https://abs.twimg.com/responsive-web/client-web/vendor.8075d18a.js:81:101809
bs@https://abs.twimg.com/responsive-web/client-web/vendor.8075d18a.js:81:100143
bs@https://abs.twimg.com/responsive-web/client-web/vendor.8075d18a.js:81:100169
bs@https://abs.twimg.com/responsive-web/client-web/vendor.8075d18a.js:81:100169
bs@https://abs.twimg.com/responsive-web/client-web/vendor.8075d18a.js:81:100169
ys@https://abs.twimg.com/responsive-web/client-web/vendor.8075d18a.js:81:99808
52967/Sl/<@https://abs.twimg.com/responsive-web/client-web/vendor.8075d18a.js:81:111592
Sl@https://abs.twimg.com/responsive-web/client-web/vendor.8075d18a.js:81:112103
al@https://abs.twimg.com/responsive-web/client-web/vendor.8075d18a.js:81:104602
E@https://abs.twimg.com/responsive-web/client-web/vendor.8075d18a.js:90:1365
I@https://abs.twimg.com/responsive-web/client-web/vendor.8075d18a.js:90:1896

Dynamically enable window occlusion 1
1718647679209	geckodriver	INFO	Listening on 127.0.0.1:40079
1718647682257	mozrunner::runner	INFO	Running command: "C:\\Program Files\\Mozilla Firefox\\firefox.exe" "--marionette" "-headless" "--remote-debugging-port" "4008 ...  "--remote-allow-hosts" "localhost" "-no-remote" "-profile" "C:\\Users\\Adriano\\AppData\\Local\\Temp\\rust_mozprofileFXKvcc"
*** You are running in headless mode.
console.warn: services.settings: Ignoring preference override of remote settings server
console.warn: services.settings: Allow by setting MOZ_REMOTE_SETTINGS_DEVTOOLS=1 in the environment
Dynamically enable window occlusion 0
1718647682691	Marionette	INFO	Marionette enabled
1718647682777	Marionette	INFO	Listening on port 40105
WebDriver BiDi listening on ws://127.0.0.1:40080
Read port: 40105
1718647683932	RemoteAgent	WARN	TLS certificate errors will be ignored for this session
[GFX1-]: RenderCompositorSWGL failed mapping default framebuffer, no dt
console.error: ({})
DevTools listening on ws://127.0.0.1:40080/devtools/browser/dfc2c0dd-a53b-457f-a5b4-7c8759364493
1718647686557	Marionette	WARN	Ignoring event 'DOMContentLoaded' because document has an invalid readyState of 'complete'.
1718647687698	Marionette	WARN	Ignoring event 'DOMContentLoaded' because document has an invalid readyState of 'complete'.
1718647700313	Marionette	INFO	Stopped listening on port 40105
JavaScript warning: https://abs.twimg.com/responsive-web/client-web/shared~loader.AudioDock~loader.DashMenu~loader.AppModules~loader.DMDrawer~bundle.Account~bundle.AccountAnalyt.d316c8fa.js, line 1: Script terminated by timeout at:
68139/C/this._handleScroll@https://abs.twimg.com/responsive-web/client-web/shared~loader.AudioDock~loader.DashMenu~loader.AppModules~loader.DMDrawer~bundle.Account~bundle.AccountAnalyt.d316c8fa.js:1:3666
l@https://abs.twimg.com/responsive-web/client-web/ondemand.Dropdown.2ddc34fa.js:1:5571

Dynamically enable window occlusion 1
!!! error running onStopped callback: TypeError: callback is not a function
1718647705279	geckodriver	INFO	Listening on 127.0.0.1:40317
